\BOOKMARK [0][-]{chapter*.1}{Abstract}{}% 1
\BOOKMARK [0][-]{chapter*.3}{Dedication}{}% 2
\BOOKMARK [0][-]{chapter*.4}{Acknowledgments}{}% 3
\BOOKMARK [0][-]{chapter.1}{Introduction}{}% 4
\BOOKMARK [1][-]{section.1.1}{Background}{chapter.1}% 5
\BOOKMARK [1][-]{section.1.2}{Motivation}{chapter.1}% 6
\BOOKMARK [1][-]{section.1.3}{Changes in Data Acquisition}{chapter.1}% 7
\BOOKMARK [1][-]{section.1.4}{Sentiment Analysis}{chapter.1}% 8
\BOOKMARK [1][-]{section.1.5}{The Twitter API}{chapter.1}% 9
\BOOKMARK [1][-]{section.1.6}{Regular Expressions, N-Grams, \046 Tokenization}{chapter.1}% 10
\BOOKMARK [1][-]{section.1.7}{TF \046 TF-IDF}{chapter.1}% 11
\BOOKMARK [1][-]{section.1.8}{Naive Bayes}{chapter.1}% 12
\BOOKMARK [1][-]{section.1.9}{Statistical Considerations}{chapter.1}% 13
\BOOKMARK [0][-]{chapter.2}{Implementation}{}% 14
\BOOKMARK [1][-]{section.2.1}{Searching for Tweets Using the Twitter API}{chapter.2}% 15
\BOOKMARK [1][-]{section.2.2}{Cleaning the Data}{chapter.2}% 16
\BOOKMARK [1][-]{section.2.3}{Training the Classifier \046 K-Folds Cross-Validation}{chapter.2}% 17
\BOOKMARK [0][-]{chapter.3}{Results}{}% 18
\BOOKMARK [1][-]{section.3.1}{Distributions \046 Datasets}{chapter.3}% 19
\BOOKMARK [1][-]{section.3.2}{Confusion Matrices}{chapter.3}% 20
\BOOKMARK [1][-]{section.3.3}{Most Informative Features}{chapter.3}% 21
\BOOKMARK [1][-]{section.3.4}{Statistical Analysis}{chapter.3}% 22
\BOOKMARK [0][-]{chapter.4}{Conclusion}{}% 23
\BOOKMARK [1][-]{section.4.1}{The Twitter Bot}{chapter.4}% 24
\BOOKMARK [1][-]{section.4.2}{Summary of Project Achievements}{chapter.4}% 25
\BOOKMARK [1][-]{section.4.3}{Future Work \046 Considerations}{chapter.4}% 26
\BOOKMARK [0][-]{chapter*.5}{Bibliography}{}% 27
\BOOKMARK [0][-]{Appendix.1.A}{Classifier Creator iPython Notebook}{}% 28
